[15-Oct-2018 20:59:32 UTC] PHP Warning:  array_pop() expects parameter 1 to be array, null given in /home/ubuntu/workspace/public/index.php on line 4
[15-Oct-2018 20:59:32 UTC] PHP Stack trace:
[15-Oct-2018 20:59:32 UTC] PHP   1. {main}() /home/ubuntu/workspace/public/index.php:0
[15-Oct-2018 20:59:32 UTC] PHP   2. array_pop() /home/ubuntu/workspace/public/index.php:4
[15-Oct-2018 20:59:33 UTC] PHP Warning:  array_pop() expects parameter 1 to be array, null given in /home/ubuntu/workspace/public/index.php on line 4
[15-Oct-2018 20:59:33 UTC] PHP Stack trace:
[15-Oct-2018 20:59:33 UTC] PHP   1. {main}() /home/ubuntu/workspace/public/index.php:0
[15-Oct-2018 20:59:33 UTC] PHP   2. array_pop() /home/ubuntu/workspace/public/index.php:4
[15-Oct-2018 21:02:56 UTC] PHP Warning:  require_once(./content.php): failed to open stream: No such file or directory in /home/ubuntu/workspace/public/index.php on line 1
[15-Oct-2018 21:02:56 UTC] PHP Stack trace:
[15-Oct-2018 21:02:56 UTC] PHP   1. {main}() /home/ubuntu/workspace/public/index.php:0
[15-Oct-2018 21:02:56 UTC] PHP Fatal error:  require_once(): Failed opening required './content.php' (include_path='.:/usr/share/php:/usr/share/pear') in /home/ubuntu/workspace/public/index.php on line 1
[15-Oct-2018 21:02:56 UTC] PHP Stack trace:
[15-Oct-2018 21:02:56 UTC] PHP   1. {main}() /home/ubuntu/workspace/public/index.php:0
[15-Oct-2018 21:02:56 UTC] PHP Warning:  require_once(./content.php): failed to open stream: No such file or directory in /home/ubuntu/workspace/public/index.php on line 1
[15-Oct-2018 21:02:56 UTC] PHP Stack trace:
[15-Oct-2018 21:02:56 UTC] PHP   1. {main}() /home/ubuntu/workspace/public/index.php:0
[15-Oct-2018 21:02:56 UTC] PHP Fatal error:  require_once(): Failed opening required './content.php' (include_path='.:/usr/share/php:/usr/share/pear') in /home/ubuntu/workspace/public/index.php on line 1
[15-Oct-2018 21:02:56 UTC] PHP Stack trace:
[15-Oct-2018 21:02:56 UTC] PHP   1. {main}() /home/ubuntu/workspace/public/index.php:0
[15-Oct-2018 21:03:08 UTC] PHP Warning:  array_pop() expects parameter 1 to be array, null given in /home/ubuntu/workspace/public/index.php on line 4
[15-Oct-2018 21:03:08 UTC] PHP Stack trace:
[15-Oct-2018 21:03:08 UTC] PHP   1. {main}() /home/ubuntu/workspace/public/index.php:0
[15-Oct-2018 21:03:08 UTC] PHP   2. array_pop() /home/ubuntu/workspace/public/index.php:4
[15-Oct-2018 21:03:08 UTC] PHP Warning:  array_pop() expects parameter 1 to be array, null given in /home/ubuntu/workspace/public/index.php on line 4
[15-Oct-2018 21:03:08 UTC] PHP Stack trace:
[15-Oct-2018 21:03:08 UTC] PHP   1. {main}() /home/ubuntu/workspace/public/index.php:0
[15-Oct-2018 21:03:08 UTC] PHP   2. array_pop() /home/ubuntu/workspace/public/index.php:4
[15-Oct-2018 21:03:09 UTC] PHP Warning:  array_pop() expects parameter 1 to be array, null given in /home/ubuntu/workspace/public/index.php on line 4
[15-Oct-2018 21:03:09 UTC] PHP Stack trace:
[15-Oct-2018 21:03:09 UTC] PHP   1. {main}() /home/ubuntu/workspace/public/index.php:0
[15-Oct-2018 21:03:09 UTC] PHP   2. array_pop() /home/ubuntu/workspace/public/index.php:4
[15-Oct-2018 21:03:09 UTC] PHP Warning:  array_pop() expects parameter 1 to be array, null given in /home/ubuntu/workspace/public/index.php on line 4
[15-Oct-2018 21:03:09 UTC] PHP Stack trace:
[15-Oct-2018 21:03:09 UTC] PHP   1. {main}() /home/ubuntu/workspace/public/index.php:0
[15-Oct-2018 21:03:09 UTC] PHP   2. array_pop() /home/ubuntu/workspace/public/index.php:4
[15-Oct-2018 21:03:10 UTC] PHP Warning:  array_pop() expects parameter 1 to be array, null given in /home/ubuntu/workspace/public/index.php on line 4
[15-Oct-2018 21:03:10 UTC] PHP Stack trace:
[15-Oct-2018 21:03:10 UTC] PHP   1. {main}() /home/ubuntu/workspace/public/index.php:0
[15-Oct-2018 21:03:10 UTC] PHP   2. array_pop() /home/ubuntu/workspace/public/index.php:4
[15-Oct-2018 21:03:10 UTC] PHP Warning:  array_pop() expects parameter 1 to be array, null given in /home/ubuntu/workspace/public/index.php on line 4
[15-Oct-2018 21:03:10 UTC] PHP Stack trace:
[15-Oct-2018 21:03:10 UTC] PHP   1. {main}() /home/ubuntu/workspace/public/index.php:0
[15-Oct-2018 21:03:10 UTC] PHP   2. array_pop() /home/ubuntu/workspace/public/index.php:4
[15-Oct-2018 21:03:10 UTC] PHP Warning:  array_pop() expects parameter 1 to be array, null given in /home/ubuntu/workspace/public/index.php on line 4
[15-Oct-2018 21:03:10 UTC] PHP Stack trace:
[15-Oct-2018 21:03:10 UTC] PHP   1. {main}() /home/ubuntu/workspace/public/index.php:0
[15-Oct-2018 21:03:10 UTC] PHP   2. array_pop() /home/ubuntu/workspace/public/index.php:4
[15-Oct-2018 21:03:11 UTC] PHP Warning:  array_pop() expects parameter 1 to be array, null given in /home/ubuntu/workspace/public/index.php on line 4
[15-Oct-2018 21:03:11 UTC] PHP Stack trace:
[15-Oct-2018 21:03:11 UTC] PHP   1. {main}() /home/ubuntu/workspace/public/index.php:0
[15-Oct-2018 21:03:11 UTC] PHP   2. array_pop() /home/ubuntu/workspace/public/index.php:4
[15-Oct-2018 21:03:11 UTC] PHP Warning:  array_pop() expects parameter 1 to be array, null given in /home/ubuntu/workspace/public/index.php on line 4
[15-Oct-2018 21:03:11 UTC] PHP Stack trace:
[15-Oct-2018 21:03:11 UTC] PHP   1. {main}() /home/ubuntu/workspace/public/index.php:0
[15-Oct-2018 21:03:11 UTC] PHP   2. array_pop() /home/ubuntu/workspace/public/index.php:4
[15-Oct-2018 21:03:11 UTC] PHP Warning:  array_pop() expects parameter 1 to be array, null given in /home/ubuntu/workspace/public/index.php on line 4
[15-Oct-2018 21:03:11 UTC] PHP Stack trace:
[15-Oct-2018 21:03:11 UTC] PHP   1. {main}() /home/ubuntu/workspace/public/index.php:0
[15-Oct-2018 21:03:11 UTC] PHP   2. array_pop() /home/ubuntu/workspace/public/index.php:4
[15-Oct-2018 21:03:12 UTC] PHP Warning:  array_pop() expects parameter 1 to be array, null given in /home/ubuntu/workspace/public/index.php on line 4
[15-Oct-2018 21:03:12 UTC] PHP Stack trace:
[15-Oct-2018 21:03:12 UTC] PHP   1. {main}() /home/ubuntu/workspace/public/index.php:0
[15-Oct-2018 21:03:12 UTC] PHP   2. array_pop() /home/ubuntu/workspace/public/index.php:4
[15-Oct-2018 21:03:12 UTC] PHP Warning:  array_pop() expects parameter 1 to be array, null given in /home/ubuntu/workspace/public/index.php on line 4
[15-Oct-2018 21:03:12 UTC] PHP Stack trace:
[15-Oct-2018 21:03:12 UTC] PHP   1. {main}() /home/ubuntu/workspace/public/index.php:0
[15-Oct-2018 21:03:12 UTC] PHP   2. array_pop() /home/ubuntu/workspace/public/index.php:4
[15-Oct-2018 21:05:27 UTC] PHP Warning:  array_pop() expects parameter 1 to be array, null given in /home/ubuntu/workspace/public/index.php on line 4
[15-Oct-2018 21:05:27 UTC] PHP Stack trace:
[15-Oct-2018 21:05:27 UTC] PHP   1. {main}() /home/ubuntu/workspace/public/index.php:0
[15-Oct-2018 21:05:27 UTC] PHP   2. array_pop() /home/ubuntu/workspace/public/index.php:4
[15-Oct-2018 21:05:27 UTC] PHP Warning:  array_pop() expects parameter 1 to be array, null given in /home/ubuntu/workspace/public/index.php on line 4
[15-Oct-2018 21:05:27 UTC] PHP Stack trace:
[15-Oct-2018 21:05:27 UTC] PHP   1. {main}() /home/ubuntu/workspace/public/index.php:0
[15-Oct-2018 21:05:27 UTC] PHP   2. array_pop() /home/ubuntu/workspace/public/index.php:4
[15-Oct-2018 21:05:31 UTC] PHP Warning:  array_pop() expects parameter 1 to be array, null given in /home/ubuntu/workspace/public/index.php on line 4
[15-Oct-2018 21:05:31 UTC] PHP Stack trace:
[15-Oct-2018 21:05:31 UTC] PHP   1. {main}() /home/ubuntu/workspace/public/index.php:0
[15-Oct-2018 21:05:31 UTC] PHP   2. array_pop() /home/ubuntu/workspace/public/index.php:4
[15-Oct-2018 21:05:32 UTC] PHP Warning:  array_pop() expects parameter 1 to be array, null given in /home/ubuntu/workspace/public/index.php on line 4
[15-Oct-2018 21:05:32 UTC] PHP Stack trace:
[15-Oct-2018 21:05:32 UTC] PHP   1. {main}() /home/ubuntu/workspace/public/index.php:0
[15-Oct-2018 21:05:32 UTC] PHP   2. array_pop() /home/ubuntu/workspace/public/index.php:4
[15-Oct-2018 21:06:58 UTC] PHP Warning:  array_pop() expects parameter 1 to be array, null given in /home/ubuntu/workspace/public/index.php on line 4
[15-Oct-2018 21:06:58 UTC] PHP Stack trace:
[15-Oct-2018 21:06:58 UTC] PHP   1. {main}() /home/ubuntu/workspace/public/index.php:0
[15-Oct-2018 21:06:58 UTC] PHP   2. array_pop() /home/ubuntu/workspace/public/index.php:4
[15-Oct-2018 21:06:59 UTC] PHP Warning:  array_pop() expects parameter 1 to be array, null given in /home/ubuntu/workspace/public/index.php on line 4
[15-Oct-2018 21:06:59 UTC] PHP Stack trace:
[15-Oct-2018 21:06:59 UTC] PHP   1. {main}() /home/ubuntu/workspace/public/index.php:0
[15-Oct-2018 21:06:59 UTC] PHP   2. array_pop() /home/ubuntu/workspace/public/index.php:4
[15-Oct-2018 21:07:00 UTC] PHP Warning:  array_pop() expects parameter 1 to be array, null given in /home/ubuntu/workspace/public/index.php on line 4
[15-Oct-2018 21:07:00 UTC] PHP Stack trace:
[15-Oct-2018 21:07:00 UTC] PHP   1. {main}() /home/ubuntu/workspace/public/index.php:0
[15-Oct-2018 21:07:00 UTC] PHP   2. array_pop() /home/ubuntu/workspace/public/index.php:4
[15-Oct-2018 21:07:01 UTC] PHP Warning:  array_pop() expects parameter 1 to be array, null given in /home/ubuntu/workspace/public/index.php on line 4
[15-Oct-2018 21:07:01 UTC] PHP Stack trace:
[15-Oct-2018 21:07:01 UTC] PHP   1. {main}() /home/ubuntu/workspace/public/index.php:0
[15-Oct-2018 21:07:01 UTC] PHP   2. array_pop() /home/ubuntu/workspace/public/index.php:4
[15-Oct-2018 21:07:02 UTC] PHP Warning:  array_pop() expects parameter 1 to be array, null given in /home/ubuntu/workspace/public/index.php on line 4
[15-Oct-2018 21:07:02 UTC] PHP Stack trace:
[15-Oct-2018 21:07:02 UTC] PHP   1. {main}() /home/ubuntu/workspace/public/index.php:0
[15-Oct-2018 21:07:02 UTC] PHP   2. array_pop() /home/ubuntu/workspace/public/index.php:4
[15-Oct-2018 21:07:02 UTC] PHP Warning:  array_pop() expects parameter 1 to be array, null given in /home/ubuntu/workspace/public/index.php on line 4
[15-Oct-2018 21:07:02 UTC] PHP Stack trace:
[15-Oct-2018 21:07:02 UTC] PHP   1. {main}() /home/ubuntu/workspace/public/index.php:0
[15-Oct-2018 21:07:02 UTC] PHP   2. array_pop() /home/ubuntu/workspace/public/index.php:4
[15-Oct-2018 21:07:03 UTC] PHP Warning:  array_pop() expects parameter 1 to be array, null given in /home/ubuntu/workspace/public/index.php on line 4
[15-Oct-2018 21:07:03 UTC] PHP Stack trace:
[15-Oct-2018 21:07:03 UTC] PHP   1. {main}() /home/ubuntu/workspace/public/index.php:0
[15-Oct-2018 21:07:03 UTC] PHP   2. array_pop() /home/ubuntu/workspace/public/index.php:4
[15-Oct-2018 21:07:04 UTC] PHP Warning:  array_pop() expects parameter 1 to be array, null given in /home/ubuntu/workspace/public/index.php on line 4
[15-Oct-2018 21:07:04 UTC] PHP Stack trace:
[15-Oct-2018 21:07:04 UTC] PHP   1. {main}() /home/ubuntu/workspace/public/index.php:0
[15-Oct-2018 21:07:04 UTC] PHP   2. array_pop() /home/ubuntu/workspace/public/index.php:4
[15-Oct-2018 21:07:04 UTC] PHP Warning:  array_pop() expects parameter 1 to be array, null given in /home/ubuntu/workspace/public/index.php on line 4
[15-Oct-2018 21:07:04 UTC] PHP Stack trace:
[15-Oct-2018 21:07:04 UTC] PHP   1. {main}() /home/ubuntu/workspace/public/index.php:0
[15-Oct-2018 21:07:04 UTC] PHP   2. array_pop() /home/ubuntu/workspace/public/index.php:4
[15-Oct-2018 21:07:05 UTC] PHP Warning:  array_pop() expects parameter 1 to be array, null given in /home/ubuntu/workspace/public/index.php on line 4
[15-Oct-2018 21:07:05 UTC] PHP Stack trace:
[15-Oct-2018 21:07:05 UTC] PHP   1. {main}() /home/ubuntu/workspace/public/index.php:0
[15-Oct-2018 21:07:05 UTC] PHP   2. array_pop() /home/ubuntu/workspace/public/index.php:4
[15-Oct-2018 21:07:06 UTC] PHP Warning:  array_pop() expects parameter 1 to be array, null given in /home/ubuntu/workspace/public/index.php on line 4
[15-Oct-2018 21:07:06 UTC] PHP Stack trace:
[15-Oct-2018 21:07:06 UTC] PHP   1. {main}() /home/ubuntu/workspace/public/index.php:0
[15-Oct-2018 21:07:06 UTC] PHP   2. array_pop() /home/ubuntu/workspace/public/index.php:4
[15-Oct-2018 21:07:06 UTC] PHP Warning:  array_pop() expects parameter 1 to be array, null given in /home/ubuntu/workspace/public/index.php on line 4
[15-Oct-2018 21:07:06 UTC] PHP Stack trace:
[15-Oct-2018 21:07:06 UTC] PHP   1. {main}() /home/ubuntu/workspace/public/index.php:0
[15-Oct-2018 21:07:06 UTC] PHP   2. array_pop() /home/ubuntu/workspace/public/index.php:4
[15-Oct-2018 21:07:07 UTC] PHP Warning:  array_pop() expects parameter 1 to be array, null given in /home/ubuntu/workspace/public/index.php on line 4
[15-Oct-2018 21:07:07 UTC] PHP Stack trace:
[15-Oct-2018 21:07:07 UTC] PHP   1. {main}() /home/ubuntu/workspace/public/index.php:0
[15-Oct-2018 21:07:07 UTC] PHP   2. array_pop() /home/ubuntu/workspace/public/index.php:4
[15-Oct-2018 21:07:08 UTC] PHP Warning:  array_pop() expects parameter 1 to be array, null given in /home/ubuntu/workspace/public/index.php on line 4
[15-Oct-2018 21:07:08 UTC] PHP Stack trace:
[15-Oct-2018 21:07:08 UTC] PHP   1. {main}() /home/ubuntu/workspace/public/index.php:0
[15-Oct-2018 21:07:08 UTC] PHP   2. array_pop() /home/ubuntu/workspace/public/index.php:4
[15-Oct-2018 22:24:51 UTC] PHP Warning:  array_pop() expects parameter 1 to be array, null given in /home/ubuntu/workspace/public/index.php on line 4
[15-Oct-2018 22:24:51 UTC] PHP Stack trace:
[15-Oct-2018 22:24:51 UTC] PHP   1. {main}() /home/ubuntu/workspace/public/index.php:0
[15-Oct-2018 22:24:51 UTC] PHP   2. array_pop() /home/ubuntu/workspace/public/index.php:4
[15-Oct-2018 22:24:51 UTC] PHP Warning:  array_pop() expects parameter 1 to be array, null given in /home/ubuntu/workspace/public/index.php on line 4
[15-Oct-2018 22:24:51 UTC] PHP Stack trace:
[15-Oct-2018 22:24:51 UTC] PHP   1. {main}() /home/ubuntu/workspace/public/index.php:0
[15-Oct-2018 22:24:51 UTC] PHP   2. array_pop() /home/ubuntu/workspace/public/index.php:4
[16-Oct-2018 20:25:31 UTC] PHP Warning:  array_pop() expects parameter 1 to be array, null given in /home/ubuntu/workspace/public/index.php on line 4
[16-Oct-2018 20:25:31 UTC] PHP Stack trace:
[16-Oct-2018 20:25:31 UTC] PHP   1. {main}() /home/ubuntu/workspace/public/index.php:0
[16-Oct-2018 20:25:31 UTC] PHP   2. array_pop() /home/ubuntu/workspace/public/index.php:4
[16-Oct-2018 20:25:32 UTC] PHP Warning:  array_pop() expects parameter 1 to be array, null given in /home/ubuntu/workspace/public/index.php on line 4
[16-Oct-2018 20:25:32 UTC] PHP Stack trace:
[16-Oct-2018 20:25:32 UTC] PHP   1. {main}() /home/ubuntu/workspace/public/index.php:0
[16-Oct-2018 20:25:32 UTC] PHP   2. array_pop() /home/ubuntu/workspace/public/index.php:4
